<?xml version="1.0" encoding="UTF-8"?>
<!-- Generated by org.testng.reporters.JUnitReportReporter -->
<testsuite hostname="Pranavg" failures="0" tests="4" name="com.saucedemo.TestCases.Testcase" time="7.418" errors="0" timestamp="2025-07-28T13:43:46 IST" skipped="0">
  <testcase classname="com.saucedemo.TestCases.Testcase" name="firstpage" time="4.637"/>
  <testcase classname="com.saucedemo.TestCases.Testcase" name="productspage" time="1.030"/>
  <testcase classname="com.saucedemo.TestCases.Testcase" name="cartpage" time="1.264"/>
  <testcase classname="com.saucedemo.TestCases.Testcase" name="logoutb" time="0.487"/>
</testsuite> <!-- com.saucedemo.TestCases.Testcase -->
